2019-06-13 18:53:04,852 - yapsy_loaded_plugin_SQLite_Connection_Manager_0 - DEBUG - Init Connection Manager
2019-06-13 18:53:04,855 - config - DEBUG - unable to resolve 'PATHS.ROOT' in <Namespace('sys,os,__builtins__')>
2019-06-13 18:53:04,858 - yapsy_loaded_plugin_SQLite_Connection_Manager_0 - DEBUG - Connecting to target database server using URL: sqlite:////data/data/com.termux/files/home/projects/python/bipy/bipy/data/test.db
2019-06-13 18:53:04,997 - yapsy_loaded_plugin_SQLite_Connection_Manager_0 - DEBUG - Connected to database successfully
2019-06-13 18:53:05,001 - config - DEBUG - unable to resolve 'PATHS.ROOT' in <Namespace('sys,os,__builtins__')>
2019-06-13 18:53:05,050 - config - DEBUG - unable to resolve 'PATHS.ROOT' in <Namespace('sys,os,__builtins__')>
2019-06-13 18:53:05,054 - config - DEBUG - unable to resolve 'PATHS.ROOT' in <Namespace('sys,os,__builtins__')>
2019-06-13 18:53:05,087 - yapsy_loaded_plugin_SQLite_Metadata_Browser_0 - DEBUG - Init SQLite Browser instance
2019-06-13 18:53:05,091 - yapsy_loaded_plugin_SQLite_Connection_Manager_0 - DEBUG - Returning the connected session to database
2019-06-13 18:53:05,095 - yapsy_loaded_plugin_SQLite_Connection_Manager_0 - DEBUG - Returning an instance of 'Inspector'                    to browse metadata of DB
2019-06-13 18:53:05,098 - yapsy_loaded_plugin_SQLite_Metadata_Browser_0 - DEBUG - SQLite Browser connected to database successfully
2019-06-13 18:53:05,101 - config - DEBUG - unable to resolve 'PATHS.ROOT' in <Namespace('sys,os,__builtins__')>
2019-06-13 18:53:05,595 - config - DEBUG - unable to resolve 'PATHS.ROOT' in <Namespace('sys,os,__builtins__')>
2019-06-13 18:53:05,600 - config - DEBUG - unable to resolve 'PATHS.ROOT' in <Namespace('sys,os,__builtins__')>
2019-06-13 18:53:05,617 - yapsy_loaded_plugin_SQLite_MetaData_Generator_0 - DEBUG - SQLite Metadata generator instance created
2019-06-13 18:53:05,621 - config - DEBUG - unable to resolve 'PATHS.ROOT' in <Namespace('sys,os,__builtins__')>
2019-06-13 18:53:05,653 - config - DEBUG - unable to resolve 'PATHS.ROOT' in <Namespace('sys,os,__builtins__')>
2019-06-13 18:53:05,660 - config - DEBUG - unable to resolve 'PATHS.ROOT' in <Namespace('sys,os,__builtins__')>
2019-06-13 18:53:05,672 - yapsy_loaded_plugin_SQLite_Repository_Manager_0 - DEBUG - RepositoryManager instance created
2019-06-13 18:53:05,676 - config - DEBUG - unable to resolve 'PATHS.ROOT' in <Namespace('sys,os,__builtins__')>
2019-06-13 18:53:05,710 - config - DEBUG - unable to resolve 'PATHS.ROOT' in <Namespace('sys,os,__builtins__')>
2019-06-13 18:53:05,716 - config - DEBUG - unable to resolve 'PATHS.ROOT' in <Namespace('sys,os,__builtins__')>
2019-06-13 18:53:05,726 - yapsy_loaded_plugin_SQLite_Connection_Manager_1 - DEBUG - Init Connection Manager
2019-06-13 18:53:05,729 - config - DEBUG - unable to resolve 'PATHS.ROOT' in <Namespace('sys,os,__builtins__')>
2019-06-13 18:53:05,732 - yapsy_loaded_plugin_SQLite_Connection_Manager_1 - DEBUG - Connecting to target database server using URL: sqlite:////data/data/com.termux/files/home/projects/python/bipy/bipy/data/meta.db
2019-06-13 18:53:05,755 - yapsy_loaded_plugin_SQLite_Connection_Manager_1 - DEBUG - Connected to database successfully
2019-06-13 18:53:05,758 - yapsy_loaded_plugin_SQLite_Repository_Manager_0 - DEBUG - Connecting to database...
2019-06-13 18:53:05,760 - yapsy_loaded_plugin_SQLite_Connection_Manager_1 - DEBUG - Returning the connected session to database
2019-06-13 18:53:05,762 - yapsy_loaded_plugin_SQLite_Repository_Manager_0 - DEBUG - Connected to database successfully
2019-06-13 18:53:05,765 - yapsy_loaded_plugin_SQLite_Connection_Manager_1 - DEBUG - Returning the connection engine
2019-06-13 18:53:05,807 - config - DEBUG - unable to resolve 'PATHS.ROOT' in <Namespace('sys,os,__builtins__')>
2019-06-13 18:53:05,810 - yapsy_loaded_plugin_SQLite_MetaData_Generator_0 - DEBUG - WarehouseDatabase instance will be created: Name: Warehouse 1, DBTYPE: SQLITE, ConnectionString: sqlite:////data/data/com.termux/files/home/projects/python/bipy/bipy/data/test.db,                      Username: User, Password: Pass
2019-06-13 18:53:06,409 - yapsy_loaded_plugin_SQLite_Repository_Manager_0 - DEBUG - Saving repository object 'Warehouse 1' to repository database
2019-06-13 18:53:06,471 - yapsy_loaded_plugin_SQLite_Repository_Manager_0 - DEBUG - Repository object saved successfully
2019-06-13 18:53:06,473 - yapsy_loaded_plugin_SQLite_Repository_Manager_0 - DEBUG - Request to get names of all WarehouseDatabase objects
2019-06-13 18:53:06,514 - yapsy_loaded_plugin_SQLite_Repository_Manager_0 - DEBUG - Adding 'Warehouse 1' database name to the list
2019-06-13 18:53:06,516 - yapsy_loaded_plugin_SQLite_Repository_Manager_0 - DEBUG - Returning the WarehouseDatabase names list
2019-06-13 18:53:06,518 - yapsy_loaded_plugin_SQLite_Connection_Manager_0 - DEBUG - Closing and disconnecting the connected session to Database
2019-06-13 18:53:06,521 - yapsy_loaded_plugin_SQLite_Connection_Manager_0 - DEBUG - Closing the open connection to database
2019-06-13 18:53:06,531 - config - DEBUG - unable to resolve 'PATHS.ROOT' in <Namespace('sys,os,__builtins__')>
2019-06-13 18:53:06,566 - config - DEBUG - unable to resolve 'PATHS.ROOT' in <Namespace('sys,os,__builtins__')>
2019-06-13 18:53:06,571 - config - DEBUG - unable to resolve 'PATHS.ROOT' in <Namespace('sys,os,__builtins__')>
2019-06-13 18:53:06,582 - yapsy_loaded_plugin_SQLite_Connection_Manager_2 - DEBUG - Init Connection Manager
2019-06-13 18:53:06,585 - config - DEBUG - unable to resolve 'PATHS.ROOT' in <Namespace('sys,os,__builtins__')>
2019-06-13 18:53:06,588 - yapsy_loaded_plugin_SQLite_Connection_Manager_2 - DEBUG - Connecting to target database server using URL: sqlite:////data/data/com.termux/files/home/projects/python/bipy/bipy/data/test.db
2019-06-13 18:53:06,612 - yapsy_loaded_plugin_SQLite_Connection_Manager_2 - DEBUG - Connected to database successfully
2019-06-13 18:53:06,615 - config - DEBUG - unable to resolve 'PATHS.ROOT' in <Namespace('sys,os,__builtins__')>
2019-06-13 18:53:06,656 - config - DEBUG - unable to resolve 'PATHS.ROOT' in <Namespace('sys,os,__builtins__')>
2019-06-13 18:53:06,664 - config - DEBUG - unable to resolve 'PATHS.ROOT' in <Namespace('sys,os,__builtins__')>
2019-06-13 18:53:06,697 - yapsy_loaded_plugin_SQLite_Metadata_Browser_1 - DEBUG - Init SQLite Browser instance
2019-06-13 18:53:06,700 - yapsy_loaded_plugin_SQLite_Connection_Manager_2 - DEBUG - Returning the connected session to database
2019-06-13 18:53:06,702 - yapsy_loaded_plugin_SQLite_Connection_Manager_2 - DEBUG - Returning an instance of 'Inspector'                    to browse metadata of DB
2019-06-13 18:53:06,704 - yapsy_loaded_plugin_SQLite_Metadata_Browser_1 - DEBUG - SQLite Browser connected to database successfully
2019-06-13 18:53:06,706 - config - DEBUG - unable to resolve 'PATHS.ROOT' in <Namespace('sys,os,__builtins__')>
2019-06-13 18:53:06,749 - config - DEBUG - unable to resolve 'PATHS.ROOT' in <Namespace('sys,os,__builtins__')>
2019-06-13 18:53:06,755 - config - DEBUG - unable to resolve 'PATHS.ROOT' in <Namespace('sys,os,__builtins__')>
2019-06-13 18:53:06,766 - yapsy_loaded_plugin_SQLite_MetaData_Generator_1 - DEBUG - SQLite Metadata generator instance created
2019-06-13 18:53:06,770 - config - DEBUG - unable to resolve 'PATHS.ROOT' in <Namespace('sys,os,__builtins__')>
2019-06-13 18:53:06,807 - config - DEBUG - unable to resolve 'PATHS.ROOT' in <Namespace('sys,os,__builtins__')>
2019-06-13 18:53:06,812 - config - DEBUG - unable to resolve 'PATHS.ROOT' in <Namespace('sys,os,__builtins__')>
2019-06-13 18:53:06,823 - yapsy_loaded_plugin_SQLite_Repository_Manager_1 - DEBUG - RepositoryManager instance created
2019-06-13 18:53:06,827 - config - DEBUG - unable to resolve 'PATHS.ROOT' in <Namespace('sys,os,__builtins__')>
2019-06-13 18:53:06,866 - config - DEBUG - unable to resolve 'PATHS.ROOT' in <Namespace('sys,os,__builtins__')>
2019-06-13 18:53:06,872 - config - DEBUG - unable to resolve 'PATHS.ROOT' in <Namespace('sys,os,__builtins__')>
2019-06-13 18:53:06,883 - yapsy_loaded_plugin_SQLite_Connection_Manager_3 - DEBUG - Init Connection Manager
2019-06-13 18:53:06,886 - config - DEBUG - unable to resolve 'PATHS.ROOT' in <Namespace('sys,os,__builtins__')>
2019-06-13 18:53:06,890 - yapsy_loaded_plugin_SQLite_Connection_Manager_3 - DEBUG - Connecting to target database server using URL: sqlite:////data/data/com.termux/files/home/projects/python/bipy/bipy/data/meta.db
2019-06-13 18:53:06,913 - yapsy_loaded_plugin_SQLite_Connection_Manager_3 - DEBUG - Connected to database successfully
2019-06-13 18:53:06,915 - yapsy_loaded_plugin_SQLite_Repository_Manager_1 - DEBUG - Connecting to database...
2019-06-13 18:53:06,918 - yapsy_loaded_plugin_SQLite_Connection_Manager_3 - DEBUG - Returning the connected session to database
2019-06-13 18:53:06,920 - yapsy_loaded_plugin_SQLite_Repository_Manager_1 - DEBUG - Connected to database successfully
2019-06-13 18:53:06,923 - yapsy_loaded_plugin_SQLite_Connection_Manager_3 - DEBUG - Returning the connection engine
2019-06-13 18:53:06,961 - config - DEBUG - unable to resolve 'PATHS.ROOT' in <Namespace('sys,os,__builtins__')>
2019-06-13 18:53:06,965 - yapsy_loaded_plugin_SQLite_MetaData_Generator_1 - DEBUG - WarehouseDatabase instance will be created: Name: Warehouse 1, DBTYPE: SQLITE, ConnectionString: sqlite:////data/data/com.termux/files/home/projects/python/bipy/bipy/data/test.db,                      Username: User, Password: Pass
2019-06-13 18:53:06,973 - yapsy_loaded_plugin_SQLite_Repository_Manager_1 - DEBUG - Saving repository object 'Warehouse 1' to repository database
2019-06-13 18:53:07,022 - yapsy_loaded_plugin_SQLite_Repository_Manager_1 - DEBUG - Repository object saved successfully
2019-06-13 18:53:07,024 - yapsy_loaded_plugin_SQLite_Repository_Manager_1 - DEBUG - Request to get names of all WarehouseDatabase objects
2019-06-13 18:53:07,047 - yapsy_loaded_plugin_SQLite_Repository_Manager_1 - DEBUG - Adding 'Warehouse 1' database name to the list
2019-06-13 18:53:07,049 - yapsy_loaded_plugin_SQLite_Repository_Manager_1 - DEBUG - Returning the WarehouseDatabase names list
2019-06-13 18:53:07,051 - yapsy_loaded_plugin_SQLite_Connection_Manager_3 - DEBUG - Returning the connection engine
2019-06-13 18:53:07,086 - yapsy_loaded_plugin_SQLite_MetaData_Generator_1 - DEBUG - Schemas metadata creation is in progress
2019-06-13 18:53:07,117 - yapsy_loaded_plugin_SQLite_MetaData_Generator_1 - DEBUG - WarehouseSchema instance created for schema 'main' and added to list
2019-06-13 18:53:07,119 - yapsy_loaded_plugin_SQLite_MetaData_Generator_1 - DEBUG - Schemas metadata creation completed and will be returned now
2019-06-13 18:53:07,122 - yapsy_loaded_plugin_SQLite_Repository_Manager_1 - DEBUG - Saving repository object instance 'main' from list to repository                          database
2019-06-13 18:53:07,169 - yapsy_loaded_plugin_SQLite_Repository_Manager_1 - DEBUG - All repository object instances have bee saved successfully
2019-06-13 18:53:07,171 - yapsy_loaded_plugin_SQLite_Repository_Manager_1 - DEBUG - Request to get all schema names available
2019-06-13 18:53:07,193 - yapsy_loaded_plugin_SQLite_Repository_Manager_1 - DEBUG - Schema name 'main' added to the list
2019-06-13 18:53:07,195 - yapsy_loaded_plugin_SQLite_Repository_Manager_1 - DEBUG - Returning back list of schema names
2019-06-13 18:53:07,198 - yapsy_loaded_plugin_SQLite_Connection_Manager_2 - DEBUG - Closing and disconnecting the connected session to Database
2019-06-13 18:53:07,201 - yapsy_loaded_plugin_SQLite_Connection_Manager_2 - DEBUG - Closing the open connection to database
2019-06-13 18:53:07,209 - config - DEBUG - unable to resolve 'PATHS.ROOT' in <Namespace('sys,os,__builtins__')>
2019-06-13 18:53:07,250 - config - DEBUG - unable to resolve 'PATHS.ROOT' in <Namespace('sys,os,__builtins__')>
2019-06-13 18:53:07,254 - config - DEBUG - unable to resolve 'PATHS.ROOT' in <Namespace('sys,os,__builtins__')>
2019-06-13 18:53:07,270 - yapsy_loaded_plugin_SQLite_Connection_Manager_4 - DEBUG - Init Connection Manager
2019-06-13 18:53:07,273 - config - DEBUG - unable to resolve 'PATHS.ROOT' in <Namespace('sys,os,__builtins__')>
2019-06-13 18:53:07,276 - yapsy_loaded_plugin_SQLite_Connection_Manager_4 - DEBUG - Connecting to target database server using URL: sqlite:////data/data/com.termux/files/home/projects/python/bipy/bipy/data/test.db
2019-06-13 18:53:07,298 - yapsy_loaded_plugin_SQLite_Connection_Manager_4 - DEBUG - Connected to database successfully
2019-06-13 18:53:07,301 - config - DEBUG - unable to resolve 'PATHS.ROOT' in <Namespace('sys,os,__builtins__')>
2019-06-13 18:53:07,347 - config - DEBUG - unable to resolve 'PATHS.ROOT' in <Namespace('sys,os,__builtins__')>
2019-06-13 18:53:07,353 - config - DEBUG - unable to resolve 'PATHS.ROOT' in <Namespace('sys,os,__builtins__')>
2019-06-13 18:53:07,385 - yapsy_loaded_plugin_SQLite_Metadata_Browser_2 - DEBUG - Init SQLite Browser instance
2019-06-13 18:53:07,388 - yapsy_loaded_plugin_SQLite_Connection_Manager_4 - DEBUG - Returning the connected session to database
2019-06-13 18:53:07,391 - yapsy_loaded_plugin_SQLite_Connection_Manager_4 - DEBUG - Returning an instance of 'Inspector'                    to browse metadata of DB
2019-06-13 18:53:07,394 - yapsy_loaded_plugin_SQLite_Metadata_Browser_2 - DEBUG - SQLite Browser connected to database successfully
2019-06-13 18:53:07,397 - config - DEBUG - unable to resolve 'PATHS.ROOT' in <Namespace('sys,os,__builtins__')>
2019-06-13 18:53:07,438 - config - DEBUG - unable to resolve 'PATHS.ROOT' in <Namespace('sys,os,__builtins__')>
2019-06-13 18:53:07,443 - config - DEBUG - unable to resolve 'PATHS.ROOT' in <Namespace('sys,os,__builtins__')>
2019-06-13 18:53:07,455 - yapsy_loaded_plugin_SQLite_MetaData_Generator_2 - DEBUG - SQLite Metadata generator instance created
2019-06-13 18:53:07,459 - config - DEBUG - unable to resolve 'PATHS.ROOT' in <Namespace('sys,os,__builtins__')>
2019-06-13 18:53:07,498 - config - DEBUG - unable to resolve 'PATHS.ROOT' in <Namespace('sys,os,__builtins__')>
2019-06-13 18:53:07,504 - config - DEBUG - unable to resolve 'PATHS.ROOT' in <Namespace('sys,os,__builtins__')>
2019-06-13 18:53:07,514 - yapsy_loaded_plugin_SQLite_Repository_Manager_2 - DEBUG - RepositoryManager instance created
2019-06-13 18:53:07,517 - config - DEBUG - unable to resolve 'PATHS.ROOT' in <Namespace('sys,os,__builtins__')>
2019-06-13 18:53:07,552 - config - DEBUG - unable to resolve 'PATHS.ROOT' in <Namespace('sys,os,__builtins__')>
2019-06-13 18:53:07,559 - config - DEBUG - unable to resolve 'PATHS.ROOT' in <Namespace('sys,os,__builtins__')>
2019-06-13 18:53:07,575 - yapsy_loaded_plugin_SQLite_Connection_Manager_5 - DEBUG - Init Connection Manager
2019-06-13 18:53:07,580 - config - DEBUG - unable to resolve 'PATHS.ROOT' in <Namespace('sys,os,__builtins__')>
2019-06-13 18:53:07,583 - yapsy_loaded_plugin_SQLite_Connection_Manager_5 - DEBUG - Connecting to target database server using URL: sqlite:////data/data/com.termux/files/home/projects/python/bipy/bipy/data/meta.db
2019-06-13 18:53:07,607 - yapsy_loaded_plugin_SQLite_Connection_Manager_5 - DEBUG - Connected to database successfully
2019-06-13 18:53:07,611 - yapsy_loaded_plugin_SQLite_Repository_Manager_2 - DEBUG - Connecting to database...
2019-06-13 18:53:07,614 - yapsy_loaded_plugin_SQLite_Connection_Manager_5 - DEBUG - Returning the connected session to database
2019-06-13 18:53:07,616 - yapsy_loaded_plugin_SQLite_Repository_Manager_2 - DEBUG - Connected to database successfully
2019-06-13 18:53:07,619 - yapsy_loaded_plugin_SQLite_Connection_Manager_5 - DEBUG - Returning the connection engine
2019-06-13 18:53:07,822 - config - DEBUG - unable to resolve 'PATHS.ROOT' in <Namespace('sys,os,__builtins__')>
2019-06-13 18:53:07,824 - yapsy_loaded_plugin_SQLite_MetaData_Generator_2 - DEBUG - WarehouseDatabase instance will be created: Name: Warehouse 1, DBTYPE: SQLITE, ConnectionString: sqlite:////data/data/com.termux/files/home/projects/python/bipy/bipy/data/test.db,                      Username: User, Password: Pass
2019-06-13 18:53:07,832 - yapsy_loaded_plugin_SQLite_Repository_Manager_2 - DEBUG - Saving repository object 'Warehouse 1' to repository database
2019-06-13 18:53:07,876 - yapsy_loaded_plugin_SQLite_Repository_Manager_2 - DEBUG - Repository object saved successfully
2019-06-13 18:53:07,879 - yapsy_loaded_plugin_SQLite_Repository_Manager_2 - DEBUG - Request to get names of all WarehouseDatabase objects
2019-06-13 18:53:07,898 - yapsy_loaded_plugin_SQLite_Repository_Manager_2 - DEBUG - Adding 'Warehouse 1' database name to the list
2019-06-13 18:53:07,901 - yapsy_loaded_plugin_SQLite_Repository_Manager_2 - DEBUG - Returning the WarehouseDatabase names list
2019-06-13 18:53:07,903 - yapsy_loaded_plugin_SQLite_Connection_Manager_5 - DEBUG - Returning the connection engine
2019-06-13 18:53:07,936 - yapsy_loaded_plugin_SQLite_MetaData_Generator_2 - DEBUG - Schemas metadata creation is in progress
2019-06-13 18:53:07,957 - yapsy_loaded_plugin_SQLite_MetaData_Generator_2 - DEBUG - WarehouseSchema instance created for schema 'main' and added to list
2019-06-13 18:53:07,959 - yapsy_loaded_plugin_SQLite_MetaData_Generator_2 - DEBUG - Schemas metadata creation completed and will be returned now
2019-06-13 18:53:07,962 - yapsy_loaded_plugin_SQLite_Repository_Manager_2 - DEBUG - Saving repository object instance 'main' from list to repository                          database
2019-06-13 18:53:08,011 - yapsy_loaded_plugin_SQLite_Repository_Manager_2 - DEBUG - All repository object instances have bee saved successfully
2019-06-13 18:53:08,013 - yapsy_loaded_plugin_SQLite_Repository_Manager_2 - DEBUG - Request to get all schema names available
2019-06-13 18:53:08,032 - yapsy_loaded_plugin_SQLite_Repository_Manager_2 - DEBUG - Schema name 'main' added to the list
2019-06-13 18:53:08,034 - yapsy_loaded_plugin_SQLite_Repository_Manager_2 - DEBUG - Returning back list of schema names
2019-06-13 18:53:08,039 - yapsy_loaded_plugin_SQLite_Connection_Manager_5 - DEBUG - Returning the connection engine
2019-06-13 18:53:08,084 - yapsy_loaded_plugin_SQLite_MetaData_Generator_2 - DEBUG - Tables metadata (under schema 'main') creation is in progress
2019-06-13 18:53:08,086 - yapsy_loaded_plugin_SQLite_MetaData_Generator_2 - DEBUG - WarehouseTable instance created for table 'CUSTOMER_MASTER' and added to list
2019-06-13 18:53:08,100 - yapsy_loaded_plugin_SQLite_MetaData_Generator_2 - DEBUG - Column 'id' has been created under table 'CUSTOMER_MASTER'
2019-06-13 18:53:08,103 - yapsy_loaded_plugin_SQLite_MetaData_Generator_2 - DEBUG - Table 'CUSTOMER_MASTER' marked as 'contains_numeric_column' as the column                                  'id' has datatype as NUMBER
2019-06-13 18:53:08,107 - yapsy_loaded_plugin_SQLite_MetaData_Generator_2 - DEBUG - Column 'name' has been created under table 'CUSTOMER_MASTER'
2019-06-13 18:53:08,110 - yapsy_loaded_plugin_SQLite_MetaData_Generator_2 - DEBUG - Column 'address' has been created under table 'CUSTOMER_MASTER'
2019-06-13 18:53:08,139 - yapsy_loaded_plugin_SQLite_MetaData_Generator_2 - DEBUG - Table 'CUSTOMER_MASTER' has been created under schema 'main'
2019-06-13 18:53:08,142 - yapsy_loaded_plugin_SQLite_MetaData_Generator_2 - DEBUG - WarehouseTable instance created for table 'PRODUCT_MASTER' and added to list
2019-06-13 18:53:08,156 - yapsy_loaded_plugin_SQLite_MetaData_Generator_2 - DEBUG - Column 'id' has been created under table 'PRODUCT_MASTER'
2019-06-13 18:53:08,159 - yapsy_loaded_plugin_SQLite_MetaData_Generator_2 - DEBUG - Table 'PRODUCT_MASTER' marked as 'contains_numeric_column' as the column                                  'id' has datatype as NUMBER
2019-06-13 18:53:08,163 - yapsy_loaded_plugin_SQLite_MetaData_Generator_2 - DEBUG - Column 'product_name' has been created under table 'PRODUCT_MASTER'
2019-06-13 18:53:08,166 - yapsy_loaded_plugin_SQLite_MetaData_Generator_2 - DEBUG - Column 'cost' has been created under table 'PRODUCT_MASTER'
2019-06-13 18:53:08,169 - yapsy_loaded_plugin_SQLite_MetaData_Generator_2 - DEBUG - Table 'PRODUCT_MASTER' marked as 'contains_numeric_column' as the column                                  'cost' has datatype as NUMBER
2019-06-13 18:53:08,173 - yapsy_loaded_plugin_SQLite_MetaData_Generator_2 - DEBUG - Table 'PRODUCT_MASTER' has been created under schema 'main'
2019-06-13 18:53:08,175 - yapsy_loaded_plugin_SQLite_MetaData_Generator_2 - DEBUG - WarehouseTable instance created for table 'SALES_DETAILS' and added to list
2019-06-13 18:53:08,186 - yapsy_loaded_plugin_SQLite_MetaData_Generator_2 - DEBUG - Column 'id' has been created under table 'SALES_DETAILS'
2019-06-13 18:53:08,189 - yapsy_loaded_plugin_SQLite_MetaData_Generator_2 - DEBUG - Table 'SALES_DETAILS' marked as 'contains_numeric_column' as the column                                  'id' has datatype as NUMBER
2019-06-13 18:53:08,192 - yapsy_loaded_plugin_SQLite_MetaData_Generator_2 - DEBUG - Column 'customer_id' has been created under table 'SALES_DETAILS'
2019-06-13 18:53:08,194 - yapsy_loaded_plugin_SQLite_MetaData_Generator_2 - DEBUG - Table 'SALES_DETAILS' marked as 'contains_numeric_column' as the column                                  'customer_id' has datatype as NUMBER
2019-06-13 18:53:08,197 - yapsy_loaded_plugin_SQLite_MetaData_Generator_2 - DEBUG - Column 'product_id' has been created under table 'SALES_DETAILS'
2019-06-13 18:53:08,200 - yapsy_loaded_plugin_SQLite_MetaData_Generator_2 - DEBUG - Table 'SALES_DETAILS' marked as 'contains_numeric_column' as the column                                  'product_id' has datatype as NUMBER
2019-06-13 18:53:08,202 - yapsy_loaded_plugin_SQLite_MetaData_Generator_2 - DEBUG - Column 'product_qty' has been created under table 'SALES_DETAILS'
2019-06-13 18:53:08,204 - yapsy_loaded_plugin_SQLite_MetaData_Generator_2 - DEBUG - Table 'SALES_DETAILS' marked as 'contains_numeric_column' as the column                                  'product_qty' has datatype as NUMBER
2019-06-13 18:53:08,208 - yapsy_loaded_plugin_SQLite_MetaData_Generator_2 - DEBUG - Table 'SALES_DETAILS' has been created under schema 'main'
2019-06-13 18:53:08,211 - yapsy_loaded_plugin_SQLite_Repository_Manager_2 - DEBUG - Saving repository object instance 'CUSTOMER_MASTER' from list to repository                          database
2019-06-13 18:53:08,214 - yapsy_loaded_plugin_SQLite_Repository_Manager_2 - DEBUG - Saving repository object instance 'PRODUCT_MASTER' from list to repository                          database
2019-06-13 18:53:08,217 - yapsy_loaded_plugin_SQLite_Repository_Manager_2 - DEBUG - Saving repository object instance 'SALES_DETAILS' from list to repository                          database
2019-06-13 18:53:08,268 - yapsy_loaded_plugin_SQLite_Repository_Manager_2 - DEBUG - All repository object instances have bee saved successfully
2019-06-13 18:53:08,270 - yapsy_loaded_plugin_SQLite_Repository_Manager_2 - DEBUG - Request to get all table names available
2019-06-13 18:53:08,293 - yapsy_loaded_plugin_SQLite_Repository_Manager_2 - DEBUG - Adding table name 'CUSTOMER_MASTER' to the list
2019-06-13 18:53:08,295 - yapsy_loaded_plugin_SQLite_Repository_Manager_2 - DEBUG - Adding table name 'PRODUCT_MASTER' to the list
2019-06-13 18:53:08,298 - yapsy_loaded_plugin_SQLite_Repository_Manager_2 - DEBUG - Adding table name 'SALES_DETAILS' to the list
2019-06-13 18:53:08,300 - yapsy_loaded_plugin_SQLite_Repository_Manager_2 - DEBUG - Returning the list of table names available
2019-06-13 18:53:08,303 - yapsy_loaded_plugin_SQLite_Connection_Manager_4 - DEBUG - Closing and disconnecting the connected session to Database
2019-06-13 18:53:08,306 - yapsy_loaded_plugin_SQLite_Connection_Manager_4 - DEBUG - Closing the open connection to database
2019-06-13 18:53:08,315 - config - DEBUG - unable to resolve 'PATHS.ROOT' in <Namespace('sys,os,__builtins__')>
2019-06-13 18:53:08,355 - config - DEBUG - unable to resolve 'PATHS.ROOT' in <Namespace('sys,os,__builtins__')>
2019-06-13 18:53:08,360 - config - DEBUG - unable to resolve 'PATHS.ROOT' in <Namespace('sys,os,__builtins__')>
2019-06-13 18:53:08,372 - yapsy_loaded_plugin_SQLite_Connection_Manager_6 - DEBUG - Init Connection Manager
2019-06-13 18:53:08,375 - config - DEBUG - unable to resolve 'PATHS.ROOT' in <Namespace('sys,os,__builtins__')>
2019-06-13 18:53:08,378 - yapsy_loaded_plugin_SQLite_Connection_Manager_6 - DEBUG - Connecting to target database server using URL: sqlite:////data/data/com.termux/files/home/projects/python/bipy/bipy/data/test.db
2019-06-13 18:53:08,400 - yapsy_loaded_plugin_SQLite_Connection_Manager_6 - DEBUG - Connected to database successfully
2019-06-13 18:53:08,404 - config - DEBUG - unable to resolve 'PATHS.ROOT' in <Namespace('sys,os,__builtins__')>
2019-06-13 18:53:08,451 - config - DEBUG - unable to resolve 'PATHS.ROOT' in <Namespace('sys,os,__builtins__')>
2019-06-13 18:53:08,456 - config - DEBUG - unable to resolve 'PATHS.ROOT' in <Namespace('sys,os,__builtins__')>
2019-06-13 18:53:08,494 - yapsy_loaded_plugin_SQLite_Metadata_Browser_3 - DEBUG - Init SQLite Browser instance
2019-06-13 18:53:08,497 - yapsy_loaded_plugin_SQLite_Connection_Manager_6 - DEBUG - Returning the connected session to database
2019-06-13 18:53:08,499 - yapsy_loaded_plugin_SQLite_Connection_Manager_6 - DEBUG - Returning an instance of 'Inspector'                    to browse metadata of DB
2019-06-13 18:53:08,501 - yapsy_loaded_plugin_SQLite_Metadata_Browser_3 - DEBUG - SQLite Browser connected to database successfully
2019-06-13 18:53:08,504 - config - DEBUG - unable to resolve 'PATHS.ROOT' in <Namespace('sys,os,__builtins__')>
2019-06-13 18:53:08,550 - config - DEBUG - unable to resolve 'PATHS.ROOT' in <Namespace('sys,os,__builtins__')>
2019-06-13 18:53:08,555 - config - DEBUG - unable to resolve 'PATHS.ROOT' in <Namespace('sys,os,__builtins__')>
2019-06-13 18:53:08,566 - yapsy_loaded_plugin_SQLite_MetaData_Generator_3 - DEBUG - SQLite Metadata generator instance created
2019-06-13 18:53:08,570 - config - DEBUG - unable to resolve 'PATHS.ROOT' in <Namespace('sys,os,__builtins__')>
2019-06-13 18:53:08,600 - config - DEBUG - unable to resolve 'PATHS.ROOT' in <Namespace('sys,os,__builtins__')>
2019-06-13 18:53:08,605 - config - DEBUG - unable to resolve 'PATHS.ROOT' in <Namespace('sys,os,__builtins__')>
2019-06-13 18:53:08,617 - yapsy_loaded_plugin_SQLite_Repository_Manager_3 - DEBUG - RepositoryManager instance created
2019-06-13 18:53:08,620 - config - DEBUG - unable to resolve 'PATHS.ROOT' in <Namespace('sys,os,__builtins__')>
2019-06-13 18:53:08,655 - config - DEBUG - unable to resolve 'PATHS.ROOT' in <Namespace('sys,os,__builtins__')>
2019-06-13 18:53:08,661 - config - DEBUG - unable to resolve 'PATHS.ROOT' in <Namespace('sys,os,__builtins__')>
2019-06-13 18:53:08,676 - yapsy_loaded_plugin_SQLite_Connection_Manager_7 - DEBUG - Init Connection Manager
2019-06-13 18:53:08,680 - config - DEBUG - unable to resolve 'PATHS.ROOT' in <Namespace('sys,os,__builtins__')>
2019-06-13 18:53:08,683 - yapsy_loaded_plugin_SQLite_Connection_Manager_7 - DEBUG - Connecting to target database server using URL: sqlite:////data/data/com.termux/files/home/projects/python/bipy/bipy/data/meta.db
2019-06-13 18:53:08,705 - yapsy_loaded_plugin_SQLite_Connection_Manager_7 - DEBUG - Connected to database successfully
2019-06-13 18:53:08,707 - yapsy_loaded_plugin_SQLite_Repository_Manager_3 - DEBUG - Connecting to database...
2019-06-13 18:53:08,710 - yapsy_loaded_plugin_SQLite_Connection_Manager_7 - DEBUG - Returning the connected session to database
2019-06-13 18:53:08,712 - yapsy_loaded_plugin_SQLite_Repository_Manager_3 - DEBUG - Connected to database successfully
2019-06-13 18:53:08,715 - yapsy_loaded_plugin_SQLite_Connection_Manager_7 - DEBUG - Returning the connection engine
2019-06-13 18:53:08,744 - config - DEBUG - unable to resolve 'PATHS.ROOT' in <Namespace('sys,os,__builtins__')>
2019-06-13 18:53:08,748 - yapsy_loaded_plugin_SQLite_MetaData_Generator_3 - DEBUG - WarehouseDatabase instance will be created: Name: Warehouse 1, DBTYPE: SQLITE, ConnectionString: sqlite:////data/data/com.termux/files/home/projects/python/bipy/bipy/data/test.db,                      Username: User, Password: Pass
2019-06-13 18:53:08,757 - yapsy_loaded_plugin_SQLite_Repository_Manager_3 - DEBUG - Saving repository object 'Warehouse 1' to repository database
2019-06-13 18:53:08,796 - yapsy_loaded_plugin_SQLite_Repository_Manager_3 - DEBUG - Repository object saved successfully
2019-06-13 18:53:08,798 - yapsy_loaded_plugin_SQLite_Repository_Manager_3 - DEBUG - Request to get names of all WarehouseDatabase objects
2019-06-13 18:53:08,819 - yapsy_loaded_plugin_SQLite_Repository_Manager_3 - DEBUG - Adding 'Warehouse 1' database name to the list
2019-06-13 18:53:08,822 - yapsy_loaded_plugin_SQLite_Repository_Manager_3 - DEBUG - Returning the WarehouseDatabase names list
2019-06-13 18:53:08,824 - yapsy_loaded_plugin_SQLite_Connection_Manager_7 - DEBUG - Returning the connection engine
2019-06-13 18:53:08,860 - yapsy_loaded_plugin_SQLite_MetaData_Generator_3 - DEBUG - Schemas metadata creation is in progress
2019-06-13 18:53:08,880 - yapsy_loaded_plugin_SQLite_MetaData_Generator_3 - DEBUG - WarehouseSchema instance created for schema 'main' and added to list
2019-06-13 18:53:08,882 - yapsy_loaded_plugin_SQLite_MetaData_Generator_3 - DEBUG - Schemas metadata creation completed and will be returned now
2019-06-13 18:53:08,885 - yapsy_loaded_plugin_SQLite_Repository_Manager_3 - DEBUG - Saving repository object instance 'main' from list to repository                          database
2019-06-13 18:53:08,933 - yapsy_loaded_plugin_SQLite_Repository_Manager_3 - DEBUG - All repository object instances have bee saved successfully
2019-06-13 18:53:08,935 - yapsy_loaded_plugin_SQLite_Repository_Manager_3 - DEBUG - Request to get all schema names available
2019-06-13 18:53:08,956 - yapsy_loaded_plugin_SQLite_Repository_Manager_3 - DEBUG - Schema name 'main' added to the list
2019-06-13 18:53:08,958 - yapsy_loaded_plugin_SQLite_Repository_Manager_3 - DEBUG - Returning back list of schema names
2019-06-13 18:53:08,960 - yapsy_loaded_plugin_SQLite_Connection_Manager_7 - DEBUG - Returning the connection engine
2019-06-13 18:53:09,003 - yapsy_loaded_plugin_SQLite_MetaData_Generator_3 - DEBUG - Tables metadata (under schema 'main') creation is in progress
2019-06-13 18:53:09,005 - yapsy_loaded_plugin_SQLite_MetaData_Generator_3 - DEBUG - WarehouseTable instance created for table 'CUSTOMER_MASTER' and added to list
2019-06-13 18:53:09,020 - yapsy_loaded_plugin_SQLite_MetaData_Generator_3 - DEBUG - Column 'id' has been created under table 'CUSTOMER_MASTER'
2019-06-13 18:53:09,023 - yapsy_loaded_plugin_SQLite_MetaData_Generator_3 - DEBUG - Table 'CUSTOMER_MASTER' marked as 'contains_numeric_column' as the column                                  'id' has datatype as NUMBER
2019-06-13 18:53:09,026 - yapsy_loaded_plugin_SQLite_MetaData_Generator_3 - DEBUG - Column 'name' has been created under table 'CUSTOMER_MASTER'
2019-06-13 18:53:09,030 - yapsy_loaded_plugin_SQLite_MetaData_Generator_3 - DEBUG - Column 'address' has been created under table 'CUSTOMER_MASTER'
2019-06-13 18:53:09,050 - yapsy_loaded_plugin_SQLite_MetaData_Generator_3 - DEBUG - Table 'CUSTOMER_MASTER' has been created under schema 'main'
2019-06-13 18:53:09,053 - yapsy_loaded_plugin_SQLite_MetaData_Generator_3 - DEBUG - WarehouseTable instance created for table 'PRODUCT_MASTER' and added to list
2019-06-13 18:53:09,066 - yapsy_loaded_plugin_SQLite_MetaData_Generator_3 - DEBUG - Column 'id' has been created under table 'PRODUCT_MASTER'
2019-06-13 18:53:09,069 - yapsy_loaded_plugin_SQLite_MetaData_Generator_3 - DEBUG - Table 'PRODUCT_MASTER' marked as 'contains_numeric_column' as the column                                  'id' has datatype as NUMBER
2019-06-13 18:53:09,072 - yapsy_loaded_plugin_SQLite_MetaData_Generator_3 - DEBUG - Column 'product_name' has been created under table 'PRODUCT_MASTER'
2019-06-13 18:53:09,075 - yapsy_loaded_plugin_SQLite_MetaData_Generator_3 - DEBUG - Column 'cost' has been created under table 'PRODUCT_MASTER'
2019-06-13 18:53:09,078 - yapsy_loaded_plugin_SQLite_MetaData_Generator_3 - DEBUG - Table 'PRODUCT_MASTER' marked as 'contains_numeric_column' as the column                                  'cost' has datatype as NUMBER
2019-06-13 18:53:09,082 - yapsy_loaded_plugin_SQLite_MetaData_Generator_3 - DEBUG - Table 'PRODUCT_MASTER' has been created under schema 'main'
2019-06-13 18:53:09,085 - yapsy_loaded_plugin_SQLite_MetaData_Generator_3 - DEBUG - WarehouseTable instance created for table 'SALES_DETAILS' and added to list
2019-06-13 18:53:09,100 - yapsy_loaded_plugin_SQLite_MetaData_Generator_3 - DEBUG - Column 'id' has been created under table 'SALES_DETAILS'
2019-06-13 18:53:09,103 - yapsy_loaded_plugin_SQLite_MetaData_Generator_3 - DEBUG - Table 'SALES_DETAILS' marked as 'contains_numeric_column' as the column                                  'id' has datatype as NUMBER
2019-06-13 18:53:09,105 - yapsy_loaded_plugin_SQLite_MetaData_Generator_3 - DEBUG - Column 'customer_id' has been created under table 'SALES_DETAILS'
2019-06-13 18:53:09,108 - yapsy_loaded_plugin_SQLite_MetaData_Generator_3 - DEBUG - Table 'SALES_DETAILS' marked as 'contains_numeric_column' as the column                                  'customer_id' has datatype as NUMBER
2019-06-13 18:53:09,110 - yapsy_loaded_plugin_SQLite_MetaData_Generator_3 - DEBUG - Column 'product_id' has been created under table 'SALES_DETAILS'
2019-06-13 18:53:09,117 - yapsy_loaded_plugin_SQLite_MetaData_Generator_3 - DEBUG - Table 'SALES_DETAILS' marked as 'contains_numeric_column' as the column                                  'product_id' has datatype as NUMBER
2019-06-13 18:53:09,120 - yapsy_loaded_plugin_SQLite_MetaData_Generator_3 - DEBUG - Column 'product_qty' has been created under table 'SALES_DETAILS'
2019-06-13 18:53:09,122 - yapsy_loaded_plugin_SQLite_MetaData_Generator_3 - DEBUG - Table 'SALES_DETAILS' marked as 'contains_numeric_column' as the column                                  'product_qty' has datatype as NUMBER
2019-06-13 18:53:09,126 - yapsy_loaded_plugin_SQLite_MetaData_Generator_3 - DEBUG - Table 'SALES_DETAILS' has been created under schema 'main'
2019-06-13 18:53:09,129 - yapsy_loaded_plugin_SQLite_Repository_Manager_3 - DEBUG - Saving repository object instance 'CUSTOMER_MASTER' from list to repository                          database
2019-06-13 18:53:09,132 - yapsy_loaded_plugin_SQLite_Repository_Manager_3 - DEBUG - Saving repository object instance 'PRODUCT_MASTER' from list to repository                          database
2019-06-13 18:53:09,134 - yapsy_loaded_plugin_SQLite_Repository_Manager_3 - DEBUG - Saving repository object instance 'SALES_DETAILS' from list to repository                          database
2019-06-13 18:53:09,188 - yapsy_loaded_plugin_SQLite_Repository_Manager_3 - DEBUG - All repository object instances have bee saved successfully
2019-06-13 18:53:09,191 - yapsy_loaded_plugin_SQLite_Repository_Manager_3 - DEBUG - Request to get all table names available
2019-06-13 18:53:09,211 - yapsy_loaded_plugin_SQLite_Repository_Manager_3 - DEBUG - Adding table name 'CUSTOMER_MASTER' to the list
2019-06-13 18:53:09,214 - yapsy_loaded_plugin_SQLite_Repository_Manager_3 - DEBUG - Adding table name 'PRODUCT_MASTER' to the list
2019-06-13 18:53:09,216 - yapsy_loaded_plugin_SQLite_Repository_Manager_3 - DEBUG - Adding table name 'SALES_DETAILS' to the list
2019-06-13 18:53:09,219 - yapsy_loaded_plugin_SQLite_Repository_Manager_3 - DEBUG - Returning the list of table names available
2019-06-13 18:53:09,221 - yapsy_loaded_plugin_SQLite_Connection_Manager_7 - DEBUG - Returning the connection engine
2019-06-13 18:53:09,250 - yapsy_loaded_plugin_SQLite_MetaData_Generator_3 - ERROR - Preparing to create columns meta for table 'CUSTOMER_MASTER'
2019-06-13 18:53:09,256 - yapsy_loaded_plugin_SQLite_MetaData_Generator_3 - DEBUG - WarehouseColumn instance created for column 'id'                          with datatype as 'INTEGER'
2019-06-13 18:53:09,259 - yapsy_loaded_plugin_SQLite_MetaData_Generator_3 - DEBUG - Column 'id' is a primary key
2019-06-13 18:53:09,262 - yapsy_loaded_plugin_SQLite_MetaData_Generator_3 - DEBUG - Column 'id' is a fact candidate
2019-06-13 18:53:09,314 - yapsy_loaded_plugin_SQLite_MetaData_Generator_3 - DEBUG - Column 'id' has been added to table 'CUSTOMER_MASTER'
2019-06-13 18:53:09,317 - yapsy_loaded_plugin_SQLite_MetaData_Generator_3 - DEBUG - WarehouseColumn instance created for column 'name'                          with datatype as 'VARCHAR(255)'
2019-06-13 18:53:09,320 - yapsy_loaded_plugin_SQLite_MetaData_Generator_3 - DEBUG - Column 'name' is a dim candidate
2019-06-13 18:53:09,323 - yapsy_loaded_plugin_SQLite_MetaData_Generator_3 - DEBUG - Column 'name' has been added to table 'CUSTOMER_MASTER'
2019-06-13 18:53:09,326 - yapsy_loaded_plugin_SQLite_MetaData_Generator_3 - DEBUG - WarehouseColumn instance created for column 'address'                          with datatype as 'VARCHAR(1000)'
2019-06-13 18:53:09,329 - yapsy_loaded_plugin_SQLite_MetaData_Generator_3 - DEBUG - Column 'address' is a dim candidate
2019-06-13 18:53:09,332 - yapsy_loaded_plugin_SQLite_MetaData_Generator_3 - DEBUG - Column 'address' has been added to table 'CUSTOMER_MASTER'
2019-06-13 18:53:09,335 - yapsy_loaded_plugin_SQLite_Repository_Manager_3 - DEBUG - Saving repository object instance 'id' from list to repository                          database
2019-06-13 18:53:09,337 - yapsy_loaded_plugin_SQLite_Repository_Manager_3 - DEBUG - Saving repository object instance 'name' from list to repository                          database
2019-06-13 18:53:09,340 - yapsy_loaded_plugin_SQLite_Repository_Manager_3 - DEBUG - Saving repository object instance 'address' from list to repository                          database
2019-06-13 18:53:09,398 - yapsy_loaded_plugin_SQLite_Repository_Manager_3 - DEBUG - All repository object instances have bee saved successfully
2019-06-13 18:53:09,531 - yapsy_loaded_plugin_SQLite_MetaData_Generator_3 - ERROR - Preparing to create columns meta for table 'PRODUCT_MASTER'
2019-06-13 18:53:09,534 - yapsy_loaded_plugin_SQLite_MetaData_Generator_3 - DEBUG - WarehouseColumn instance created for column 'id'                          with datatype as 'INTEGER'
2019-06-13 18:53:09,536 - yapsy_loaded_plugin_SQLite_MetaData_Generator_3 - DEBUG - Column 'id' is a primary key
2019-06-13 18:53:09,538 - yapsy_loaded_plugin_SQLite_MetaData_Generator_3 - DEBUG - Column 'id' is a fact candidate
2019-06-13 18:53:09,547 - yapsy_loaded_plugin_SQLite_MetaData_Generator_3 - DEBUG - Column 'id' has been added to table 'PRODUCT_MASTER'
2019-06-13 18:53:09,550 - yapsy_loaded_plugin_SQLite_MetaData_Generator_3 - DEBUG - WarehouseColumn instance created for column 'product_name'                          with datatype as 'VARCHAR(255)'
2019-06-13 18:53:09,553 - yapsy_loaded_plugin_SQLite_MetaData_Generator_3 - DEBUG - Column 'product_name' is a dim candidate
2019-06-13 18:53:09,557 - yapsy_loaded_plugin_SQLite_MetaData_Generator_3 - DEBUG - Column 'product_name' has been added to table 'PRODUCT_MASTER'
2019-06-13 18:53:09,560 - yapsy_loaded_plugin_SQLite_MetaData_Generator_3 - DEBUG - WarehouseColumn instance created for column 'cost'                          with datatype as 'FLOAT'
2019-06-13 18:53:09,563 - yapsy_loaded_plugin_SQLite_MetaData_Generator_3 - DEBUG - Column 'cost' is a fact candidate
2019-06-13 18:53:09,567 - yapsy_loaded_plugin_SQLite_MetaData_Generator_3 - DEBUG - Column 'cost' has been added to table 'PRODUCT_MASTER'
2019-06-13 18:53:09,569 - yapsy_loaded_plugin_SQLite_Repository_Manager_3 - DEBUG - Saving repository object instance 'id' from list to repository                          database
2019-06-13 18:53:09,571 - yapsy_loaded_plugin_SQLite_Repository_Manager_3 - DEBUG - Saving repository object instance 'product_name' from list to repository                          database
2019-06-13 18:53:09,573 - yapsy_loaded_plugin_SQLite_Repository_Manager_3 - DEBUG - Saving repository object instance 'cost' from list to repository                          database
2019-06-13 18:53:09,622 - yapsy_loaded_plugin_SQLite_Repository_Manager_3 - DEBUG - All repository object instances have bee saved successfully
2019-06-13 18:53:09,643 - yapsy_loaded_plugin_SQLite_MetaData_Generator_3 - ERROR - Preparing to create columns meta for table 'SALES_DETAILS'
2019-06-13 18:53:09,646 - yapsy_loaded_plugin_SQLite_MetaData_Generator_3 - DEBUG - WarehouseColumn instance created for column 'id'                          with datatype as 'INTEGER'
2019-06-13 18:53:09,648 - yapsy_loaded_plugin_SQLite_MetaData_Generator_3 - DEBUG - Column 'id' is a primary key
2019-06-13 18:53:09,651 - yapsy_loaded_plugin_SQLite_MetaData_Generator_3 - DEBUG - Column 'id' is a fact candidate
2019-06-13 18:53:09,659 - yapsy_loaded_plugin_SQLite_MetaData_Generator_3 - DEBUG - Column 'id' has been added to table 'SALES_DETAILS'
2019-06-13 18:53:09,662 - yapsy_loaded_plugin_SQLite_MetaData_Generator_3 - DEBUG - WarehouseColumn instance created for column 'customer_id'                          with datatype as 'INTEGER'
2019-06-13 18:53:09,665 - yapsy_loaded_plugin_SQLite_MetaData_Generator_3 - DEBUG - Column 'customer_id' is a fact candidate
2019-06-13 18:53:09,668 - yapsy_loaded_plugin_SQLite_MetaData_Generator_3 - DEBUG - Column 'customer_id' has been added to table 'SALES_DETAILS'
2019-06-13 18:53:09,672 - yapsy_loaded_plugin_SQLite_MetaData_Generator_3 - DEBUG - WarehouseColumn instance created for column 'product_id'                          with datatype as 'INTEGER'
2019-06-13 18:53:09,675 - yapsy_loaded_plugin_SQLite_MetaData_Generator_3 - DEBUG - Column 'product_id' is a fact candidate
2019-06-13 18:53:09,678 - yapsy_loaded_plugin_SQLite_MetaData_Generator_3 - DEBUG - Column 'product_id' has been added to table 'SALES_DETAILS'
2019-06-13 18:53:09,682 - yapsy_loaded_plugin_SQLite_MetaData_Generator_3 - DEBUG - WarehouseColumn instance created for column 'product_qty'                          with datatype as 'INTEGER'
2019-06-13 18:53:09,684 - yapsy_loaded_plugin_SQLite_MetaData_Generator_3 - DEBUG - Column 'product_qty' is a fact candidate
2019-06-13 18:53:09,687 - yapsy_loaded_plugin_SQLite_MetaData_Generator_3 - DEBUG - Column 'product_qty' has been added to table 'SALES_DETAILS'
2019-06-13 18:53:09,690 - yapsy_loaded_plugin_SQLite_Repository_Manager_3 - DEBUG - Saving repository object instance 'id' from list to repository                          database
2019-06-13 18:53:09,693 - yapsy_loaded_plugin_SQLite_Repository_Manager_3 - DEBUG - Saving repository object instance 'customer_id' from list to repository                          database
2019-06-13 18:53:09,695 - yapsy_loaded_plugin_SQLite_Repository_Manager_3 - DEBUG - Saving repository object instance 'product_id' from list to repository                          database
2019-06-13 18:53:09,698 - yapsy_loaded_plugin_SQLite_Repository_Manager_3 - DEBUG - Saving repository object instance 'product_qty' from list to repository                          database
2019-06-13 18:53:09,743 - yapsy_loaded_plugin_SQLite_Repository_Manager_3 - DEBUG - All repository object instances have bee saved successfully
2019-06-13 18:53:09,762 - yapsy_loaded_plugin_SQLite_Repository_Manager_3 - DEBUG - Request to get all column names available under table with id: '1'
2019-06-13 18:53:09,783 - yapsy_loaded_plugin_SQLite_Repository_Manager_3 - DEBUG - Adding column name 'id' to the list
2019-06-13 18:53:09,785 - yapsy_loaded_plugin_SQLite_Repository_Manager_3 - DEBUG - Adding column name 'name' to the list
2019-06-13 18:53:09,787 - yapsy_loaded_plugin_SQLite_Repository_Manager_3 - DEBUG - Adding column name 'address' to the list
2019-06-13 18:53:09,790 - yapsy_loaded_plugin_SQLite_Repository_Manager_3 - DEBUG - Returning all column names available under table with id: '1'
2019-06-13 18:53:09,804 - yapsy_loaded_plugin_SQLite_Repository_Manager_3 - DEBUG - Request to get all column names available under table with id: '2'
2019-06-13 18:53:09,824 - yapsy_loaded_plugin_SQLite_Repository_Manager_3 - DEBUG - Adding column name 'id' to the list
2019-06-13 18:53:09,826 - yapsy_loaded_plugin_SQLite_Repository_Manager_3 - DEBUG - Adding column name 'product_name' to the list
2019-06-13 18:53:09,829 - yapsy_loaded_plugin_SQLite_Repository_Manager_3 - DEBUG - Adding column name 'cost' to the list
2019-06-13 18:53:09,831 - yapsy_loaded_plugin_SQLite_Repository_Manager_3 - DEBUG - Returning all column names available under table with id: '2'
2019-06-13 18:53:09,844 - yapsy_loaded_plugin_SQLite_Repository_Manager_3 - DEBUG - Request to get all column names available under table with id: '3'
2019-06-13 18:53:09,864 - yapsy_loaded_plugin_SQLite_Repository_Manager_3 - DEBUG - Adding column name 'id' to the list
2019-06-13 18:53:09,867 - yapsy_loaded_plugin_SQLite_Repository_Manager_3 - DEBUG - Adding column name 'customer_id' to the list
2019-06-13 18:53:09,869 - yapsy_loaded_plugin_SQLite_Repository_Manager_3 - DEBUG - Adding column name 'product_id' to the list
2019-06-13 18:53:09,871 - yapsy_loaded_plugin_SQLite_Repository_Manager_3 - DEBUG - Adding column name 'product_qty' to the list
2019-06-13 18:53:09,873 - yapsy_loaded_plugin_SQLite_Repository_Manager_3 - DEBUG - Returning all column names available under table with id: '3'
2019-06-13 18:53:09,876 - yapsy_loaded_plugin_SQLite_Connection_Manager_6 - DEBUG - Closing and disconnecting the connected session to Database
2019-06-13 18:53:09,880 - yapsy_loaded_plugin_SQLite_Connection_Manager_6 - DEBUG - Closing the open connection to database
2019-06-13 18:53:09,890 - config - DEBUG - unable to resolve 'PATHS.ROOT' in <Namespace('sys,os,__builtins__')>
2019-06-13 18:53:09,924 - config - DEBUG - unable to resolve 'PATHS.ROOT' in <Namespace('sys,os,__builtins__')>
2019-06-13 18:53:09,931 - config - DEBUG - unable to resolve 'PATHS.ROOT' in <Namespace('sys,os,__builtins__')>
2019-06-13 18:53:09,942 - yapsy_loaded_plugin_SQLite_Connection_Manager_8 - DEBUG - Init Connection Manager
2019-06-13 18:53:09,946 - config - DEBUG - unable to resolve 'PATHS.ROOT' in <Namespace('sys,os,__builtins__')>
2019-06-13 18:53:09,950 - yapsy_loaded_plugin_SQLite_Connection_Manager_8 - DEBUG - Connecting to target database server using URL: sqlite:////data/data/com.termux/files/home/projects/python/bipy/bipy/data/test.db
2019-06-13 18:53:09,976 - yapsy_loaded_plugin_SQLite_Connection_Manager_8 - DEBUG - Connected to database successfully
2019-06-13 18:53:09,980 - config - DEBUG - unable to resolve 'PATHS.ROOT' in <Namespace('sys,os,__builtins__')>
2019-06-13 18:53:10,018 - config - DEBUG - unable to resolve 'PATHS.ROOT' in <Namespace('sys,os,__builtins__')>
2019-06-13 18:53:10,023 - config - DEBUG - unable to resolve 'PATHS.ROOT' in <Namespace('sys,os,__builtins__')>
2019-06-13 18:53:10,055 - yapsy_loaded_plugin_SQLite_Metadata_Browser_4 - DEBUG - Init SQLite Browser instance
2019-06-13 18:53:10,058 - yapsy_loaded_plugin_SQLite_Connection_Manager_8 - DEBUG - Returning the connected session to database
2019-06-13 18:53:10,061 - yapsy_loaded_plugin_SQLite_Connection_Manager_8 - DEBUG - Returning an instance of 'Inspector'                    to browse metadata of DB
2019-06-13 18:53:10,064 - yapsy_loaded_plugin_SQLite_Metadata_Browser_4 - DEBUG - SQLite Browser connected to database successfully
2019-06-13 18:53:10,068 - config - DEBUG - unable to resolve 'PATHS.ROOT' in <Namespace('sys,os,__builtins__')>
2019-06-13 18:53:10,116 - config - DEBUG - unable to resolve 'PATHS.ROOT' in <Namespace('sys,os,__builtins__')>
2019-06-13 18:53:10,121 - config - DEBUG - unable to resolve 'PATHS.ROOT' in <Namespace('sys,os,__builtins__')>
2019-06-13 18:53:10,132 - yapsy_loaded_plugin_SQLite_MetaData_Generator_4 - DEBUG - SQLite Metadata generator instance created
2019-06-13 18:53:10,136 - config - DEBUG - unable to resolve 'PATHS.ROOT' in <Namespace('sys,os,__builtins__')>
2019-06-13 18:53:10,177 - config - DEBUG - unable to resolve 'PATHS.ROOT' in <Namespace('sys,os,__builtins__')>
2019-06-13 18:53:10,183 - config - DEBUG - unable to resolve 'PATHS.ROOT' in <Namespace('sys,os,__builtins__')>
2019-06-13 18:53:10,201 - yapsy_loaded_plugin_SQLite_Repository_Manager_4 - DEBUG - RepositoryManager instance created
2019-06-13 18:53:10,205 - config - DEBUG - unable to resolve 'PATHS.ROOT' in <Namespace('sys,os,__builtins__')>
2019-06-13 18:53:10,248 - config - DEBUG - unable to resolve 'PATHS.ROOT' in <Namespace('sys,os,__builtins__')>
2019-06-13 18:53:10,254 - config - DEBUG - unable to resolve 'PATHS.ROOT' in <Namespace('sys,os,__builtins__')>
2019-06-13 18:53:10,264 - yapsy_loaded_plugin_SQLite_Connection_Manager_9 - DEBUG - Init Connection Manager
2019-06-13 18:53:10,267 - config - DEBUG - unable to resolve 'PATHS.ROOT' in <Namespace('sys,os,__builtins__')>
2019-06-13 18:53:10,270 - yapsy_loaded_plugin_SQLite_Connection_Manager_9 - DEBUG - Connecting to target database server using URL: sqlite:////data/data/com.termux/files/home/projects/python/bipy/bipy/data/meta.db
2019-06-13 18:53:10,293 - yapsy_loaded_plugin_SQLite_Connection_Manager_9 - DEBUG - Connected to database successfully
2019-06-13 18:53:10,295 - yapsy_loaded_plugin_SQLite_Repository_Manager_4 - DEBUG - Connecting to database...
2019-06-13 18:53:10,298 - yapsy_loaded_plugin_SQLite_Connection_Manager_9 - DEBUG - Returning the connected session to database
2019-06-13 18:53:10,300 - yapsy_loaded_plugin_SQLite_Repository_Manager_4 - DEBUG - Connected to database successfully
2019-06-13 18:53:10,302 - yapsy_loaded_plugin_SQLite_Connection_Manager_9 - DEBUG - Returning the connection engine
2019-06-13 18:53:10,342 - config - DEBUG - unable to resolve 'PATHS.ROOT' in <Namespace('sys,os,__builtins__')>
2019-06-13 18:53:10,345 - yapsy_loaded_plugin_SQLite_MetaData_Generator_4 - DEBUG - WarehouseDatabase instance will be created: Name: Warehouse 1, DBTYPE: SQLITE, ConnectionString: sqlite:////data/data/com.termux/files/home/projects/python/bipy/bipy/data/test.db,                      Username: User, Password: Pass
2019-06-13 18:53:10,353 - yapsy_loaded_plugin_SQLite_Repository_Manager_4 - DEBUG - Saving repository object 'Warehouse 1' to repository database
2019-06-13 18:53:10,401 - yapsy_loaded_plugin_SQLite_Repository_Manager_4 - DEBUG - Repository object saved successfully
2019-06-13 18:53:10,403 - yapsy_loaded_plugin_SQLite_Repository_Manager_4 - DEBUG - Request to get names of all WarehouseDatabase objects
2019-06-13 18:53:10,427 - yapsy_loaded_plugin_SQLite_Repository_Manager_4 - DEBUG - Adding 'Warehouse 1' database name to the list
2019-06-13 18:53:10,431 - yapsy_loaded_plugin_SQLite_Repository_Manager_4 - DEBUG - Returning the WarehouseDatabase names list
2019-06-13 18:53:10,433 - yapsy_loaded_plugin_SQLite_Connection_Manager_9 - DEBUG - Returning the connection engine
2019-06-13 18:53:10,490 - yapsy_loaded_plugin_SQLite_MetaData_Generator_4 - DEBUG - Schemas metadata creation is in progress
2019-06-13 18:53:10,505 - yapsy_loaded_plugin_SQLite_MetaData_Generator_4 - DEBUG - WarehouseSchema instance created for schema 'main' and added to list
2019-06-13 18:53:10,507 - yapsy_loaded_plugin_SQLite_MetaData_Generator_4 - DEBUG - Schemas metadata creation completed and will be returned now
2019-06-13 18:53:10,509 - yapsy_loaded_plugin_SQLite_Repository_Manager_4 - DEBUG - Saving repository object instance 'main' from list to repository                          database
2019-06-13 18:53:10,559 - yapsy_loaded_plugin_SQLite_Repository_Manager_4 - DEBUG - All repository object instances have bee saved successfully
2019-06-13 18:53:10,561 - yapsy_loaded_plugin_SQLite_Repository_Manager_4 - DEBUG - Request to get all schema names available
2019-06-13 18:53:10,580 - yapsy_loaded_plugin_SQLite_Repository_Manager_4 - DEBUG - Schema name 'main' added to the list
2019-06-13 18:53:10,582 - yapsy_loaded_plugin_SQLite_Repository_Manager_4 - DEBUG - Returning back list of schema names
2019-06-13 18:53:10,585 - yapsy_loaded_plugin_SQLite_Connection_Manager_9 - DEBUG - Returning the connection engine
2019-06-13 18:53:10,642 - yapsy_loaded_plugin_SQLite_MetaData_Generator_4 - DEBUG - Views metadata (under schema 'main') creation is in progress
2019-06-13 18:53:10,677 - yapsy_loaded_plugin_SQLite_MetaData_Generator_4 - DEBUG - View 'revenue_details' has been created under schema 'main'
2019-06-13 18:53:10,680 - yapsy_loaded_plugin_SQLite_Repository_Manager_4 - DEBUG - Saving repository object instance 'revenue_details' from list to repository                          database
2019-06-13 18:53:10,729 - yapsy_loaded_plugin_SQLite_Repository_Manager_4 - DEBUG - All repository object instances have bee saved successfully
2019-06-13 18:53:10,732 - yapsy_loaded_plugin_SQLite_Connection_Manager_8 - DEBUG - Closing and disconnecting the connected session to Database
2019-06-13 18:53:10,734 - yapsy_loaded_plugin_SQLite_Connection_Manager_8 - DEBUG - Closing the open connection to database
